[31Oct2024 14:51:59.292] [main/INFO] [cpw.mods.modlauncher.Launcher/MODLAUNCHER]: ModLauncher running: args [--mod, arsdelight, --all, --output, /Users/arthur/git/mods_delight/Ars-Delight-1.21/src/generated/resources, --existing, /Users/arthur/git/mods_delight/Ars-Delight-1.21/src/main/resources, --launchTarget, forgedatauserdev, --assetIndex, asset-index, --assetsDir, /Users/arthur/.gradle/caches/minecraft/assets, --gameDir, ., --fml.neoForgeVersion, 21.1.61, --fml.fmlVersion, 4.0.24, --fml.mcVersion, 1.21.1, --fml.neoFormVersion, 20240808.144430]
[31Oct2024 14:51:59.295] [main/INFO] [cpw.mods.modlauncher.Launcher/MODLAUNCHER]: JVM identified as Oracle Corporation Java HotSpot(TM) 64-Bit Server VM 21.0.3+7-LTS-152
[31Oct2024 14:51:59.297] [main/INFO] [cpw.mods.modlauncher.Launcher/MODLAUNCHER]: ModLauncher 11.0.4+main.d2e20e43 starting: java version 21.0.3 by Oracle Corporation; OS Mac OS X arch x86_64 version 14.5
[31Oct2024 14:51:59.446] [main/INFO] [net.neoforged.fml.loading.ImmediateWindowHandler/]: ImmediateWindowProvider not loading because launch target is forgedatauserdev
[31Oct2024 14:51:59.516] [main/INFO] [mixin/]: SpongePowered MIXIN Subsystem Version=0.8.7 Source=union:/Users/arthur/.gradle/caches/modules-2/files-2.1/net.fabricmc/sponge-mixin/0.15.2+mixin.0.8.7/2af2f021d8e02a0220dc27a7a72b4666d66d44ca/sponge-mixin-0.15.2+mixin.0.8.7.jar%23127!/ Service=ModLauncher Env=CLIENT
[31Oct2024 14:51:59.839] [main/INFO] [net.neoforged.fml.loading.moddiscovery.ModDiscoverer/SCAN]: Found mod file "neoforge-21.1.61.jar" [locator: neoforge devenv provider ([/Users/arthur/git/mods_delight/Ars-Delight-1.21/.gradle/repositories/ng_dummy_ng/net/neoforged/neoforge/21.1.61/neoforge-21.1.61.jar])]
[31Oct2024 14:51:59.895] [main/INFO] [net.neoforged.fml.loading.moddiscovery.ModDiscoverer/SCAN]: Found mod file "neoforge-21.1.61.jar" [locator: neoforge devenv provider ([/Users/arthur/git/mods_delight/Ars-Delight-1.21/.gradle/repositories/ng_dummy_ng/net/neoforged/neoforge/21.1.61/neoforge-21.1.61.jar])]
[31Oct2024 14:51:59.911] [main/INFO] [net.neoforged.fml.loading.moddiscovery.ModDiscoverer/SCAN]: Found mod file "main" [locator: userdev mods and services, reader: mod manifest]
[31Oct2024 14:51:59.927] [main/INFO] [net.neoforged.fml.loading.moddiscovery.ModDiscoverer/SCAN]: Found mod file "neoforge-21.1.61.jar" [locator: userdev mods and services, reader: mod manifest]
[31Oct2024 14:51:59.932] [main/INFO] [net.neoforged.fml.loading.moddiscovery.ModDiscoverer/SCAN]: Found mod file "l2core-3.0.8+1.jar" [locator: userdev mods and services, reader: mod manifest]
[31Oct2024 14:51:59.939] [main/INFO] [net.neoforged.fml.loading.moddiscovery.ModDiscoverer/SCAN]: Found mod file "jei-1.21-neoforge-19.8.2.99.jar" [locator: userdev mods and services, reader: mod manifest]
[31Oct2024 14:51:59.944] [main/INFO] [net.neoforged.fml.loading.moddiscovery.ModDiscoverer/SCAN]: Found mod file "cuisinedelight-1.2.1+1.jar" [locator: userdev mods and services, reader: mod manifest]
[31Oct2024 14:51:59.953] [main/INFO] [net.neoforged.fml.loading.moddiscovery.ModDiscoverer/SCAN]: Found mod file "appleskin-248787-5586600.jar" [locator: userdev mods and services, reader: mod manifest]
[31Oct2024 14:51:59.958] [main/INFO] [net.neoforged.fml.loading.moddiscovery.ModDiscoverer/SCAN]: Found mod file "jade-324717-5846105.jar" [locator: userdev mods and services, reader: mod manifest]
[31Oct2024 14:51:59.962] [main/INFO] [net.neoforged.fml.loading.moddiscovery.ModDiscoverer/SCAN]: Found mod file "thirst-was-taken-679270-5568715.jar" [locator: userdev mods and services, reader: mod manifest]
[31Oct2024 14:51:59.965] [main/INFO] [net.neoforged.fml.loading.moddiscovery.ModDiscoverer/SCAN]: Found mod file "just-enough-effect-descriptions-jeed-532286-5634312.jar" [locator: userdev mods and services, reader: mod manifest]
[31Oct2024 14:51:59.968] [main/INFO] [net.neoforged.fml.loading.moddiscovery.ModDiscoverer/SCAN]: Found mod file "geckolib-388172-5763144.jar" [locator: userdev mods and services, reader: mod manifest]
[31Oct2024 14:51:59.974] [main/INFO] [net.neoforged.fml.loading.moddiscovery.ModDiscoverer/SCAN]: Found mod file "ars-nouveau-401955-5843653.jar" [locator: userdev mods and services, reader: mod manifest]
[31Oct2024 14:51:59.978] [main/INFO] [net.neoforged.fml.loading.moddiscovery.ModDiscoverer/SCAN]: Found mod file "farmers-delight-398521-5566383.jar" [locator: userdev mods and services, reader: mod manifest]
[31Oct2024 14:51:59.981] [main/INFO] [net.neoforged.fml.loading.moddiscovery.ModDiscoverer/SCAN]: Found mod file "curios-neoforge-9.0.14+1.21.1.jar" [locator: userdev mods and services, reader: mod manifest]
[31Oct2024 14:51:59.990] [main/INFO] [net.neoforged.fml.loading.moddiscovery.ModDiscoverer/SCAN]: Found gamelibrary file "Registrate-MC1.21-1.3.0+55.jar" [locator: userdev mods and services, reader: mod manifest]
[31Oct2024 14:51:59.992] [main/INFO] [net.neoforged.fml.loading.moddiscovery.ModDiscoverer/SCAN]: Found gamelibrary file "l2serial-3.0.9+5.jar" [locator: userdev mods and services, reader: mod manifest]
[31Oct2024 14:51:59.993] [main/INFO] [net.neoforged.fml.loading.moddiscovery.ModDiscoverer/SCAN]: Found gamelibrary file "l2modularblocks-3.0.0.jar" [locator: userdev mods and services, reader: mod manifest]
[31Oct2024 14:51:59.998] [main/INFO] [net.neoforged.fml.loading.moddiscovery.ModDiscoverer/SCAN]: Found gamelibrary file "mixinextras-neoforge-0.4.1.jar" [locator: userdev mods and services, reader: mod manifest]
[31Oct2024 14:52:00.153] [main/WARN] [net.neoforged.jarjar.selection.JarSelector/]: Attempted to select a dependency jar for JarJar which was passed in as source: mixinextras-neoforge-0.4.1.jar. Using Mod File: /Users/arthur/.gradle/caches/modules-2/files-2.1/io.github.llamalad7/mixinextras-neoforge/0.4.1/eff97772ecd0dcf8e52cdbafd3b3ccec425f8314/mixinextras-neoforge-0.4.1.jar
[31Oct2024 14:52:00.153] [main/INFO] [net.neoforged.fml.loading.moddiscovery.locators.JarInJarDependencyLocator/]: Found 2 dependencies adding them to mods collection
[31Oct2024 14:52:00.153] [main/INFO] [net.neoforged.fml.loading.moddiscovery.ModDiscoverer/SCAN]: Found library file "neoforge-coremods-21.1.61.jar" [parent: neoforge-21.1.61.jar, locator: jarinjar, reader: mod manifest]
[31Oct2024 14:52:00.154] [main/INFO] [net.neoforged.fml.loading.moddiscovery.ModDiscoverer/SCAN]: Found mod file "Patchouli-1.21-88-NEOFORGE-SNAPSHOT.jar" [parent: ars-nouveau-401955-5843653.jar, locator: jarinjar, reader: mod manifest]
[31Oct2024 14:52:00.946] [main/INFO] [mixin/]: Compatibility level set to JAVA_21
[31Oct2024 14:52:00.977] [main/INFO] [cpw.mods.modlauncher.LaunchServiceHandler/MODLAUNCHER]: Launching target 'forgedatauserdev' with arguments [--gameDir, ., --assetsDir, /Users/arthur/.gradle/caches/minecraft/assets, --mod, arsdelight, --all, --output, /Users/arthur/git/mods_delight/Ars-Delight-1.21/src/generated/resources, --existing, /Users/arthur/git/mods_delight/Ars-Delight-1.21/src/main/resources, --assetIndex, asset-index]
[31Oct2024 14:52:01.016] [main/WARN] [mixin/]: Reference map 'thirst.refmap.json' for thirst.mixins.json could not be read. If this is a development environment you can ignore this message
[31Oct2024 14:52:01.017] [main/WARN] [mixin/]: Reference map 'geckolib.refmap.json' for geckolib.mixins.json could not be read. If this is a development environment you can ignore this message
[31Oct2024 14:52:01.018] [main/WARN] [mixin/]: Reference map 'curios.refmap.json' for curios.neoforge.mixins.json could not be read. If this is a development environment you can ignore this message
[31Oct2024 14:52:01.019] [main/WARN] [mixin/]: Reference map 'curios.refmap.json' for curios.mixins.json could not be read. If this is a development environment you can ignore this message
[31Oct2024 14:52:01.112] [main/WARN] [mixin/]: Reference map 'ars_nouveau.refmap.json' for ars_nouveau.mixins.json could not be read. If this is a development environment you can ignore this message
[31Oct2024 14:52:01.114] [main/WARN] [mixin/]: Reference map 'patchouli.refmap.json' for patchouli_xplat.mixins.json could not be read. If this is a development environment you can ignore this message
[31Oct2024 14:52:01.246] [main/WARN] [mixin/]: Error loading class: toughasnails/item/EmptyCanteenItem (java.lang.ClassNotFoundException: toughasnails.item.EmptyCanteenItem)
[31Oct2024 14:52:01.247] [main/WARN] [mixin/]: @Mixin target toughasnails.item.EmptyCanteenItem was not found thirst.mixins.json:toughasnails.MixinEmptyCanteenItem from mod thirst
[31Oct2024 14:52:01.249] [main/WARN] [mixin/]: Error loading class: toughasnails/config/ThirstConfig (java.lang.ClassNotFoundException: toughasnails.config.ThirstConfig)
[31Oct2024 14:52:01.250] [main/WARN] [mixin/]: @Mixin target toughasnails.config.ThirstConfig was not found thirst.mixins.json:toughasnails.MixinServerConfig from mod thirst
[31Oct2024 14:52:01.252] [main/WARN] [mixin/]: Error loading class: toughasnails/thirst/ThirstHandler (java.lang.ClassNotFoundException: toughasnails.thirst.ThirstHandler)
[31Oct2024 14:52:01.252] [main/WARN] [mixin/]: @Mixin target toughasnails.thirst.ThirstHandler was not found thirst.mixins.json:toughasnails.MixinThirstHandler from mod thirst
[31Oct2024 14:52:01.255] [main/WARN] [mixin/]: Error loading class: toughasnails/thirst/ThirstHelperImpl (java.lang.ClassNotFoundException: toughasnails.thirst.ThirstHelperImpl)
[31Oct2024 14:52:01.255] [main/WARN] [mixin/]: @Mixin target toughasnails.thirst.ThirstHelperImpl was not found thirst.mixins.json:toughasnails.MixinThirstHelperImpl from mod thirst
[31Oct2024 14:52:01.256] [main/WARN] [mixin/]: Error loading class: toughasnails/client/handler/TooltipHandler (java.lang.ClassNotFoundException: toughasnails.client.handler.TooltipHandler)
[31Oct2024 14:52:01.257] [main/WARN] [mixin/]: @Mixin target toughasnails.client.handler.TooltipHandler was not found thirst.mixins.json:toughasnails.MixinTooltipHandler from mod thirst
[31Oct2024 14:52:01.943] [main/INFO] [net.neoforged.neoforge.data.loading.DatagenModLoader/]: Initializing Data Gatherer for mods [arsdelight]
[31Oct2024 14:52:01.945] [main/INFO] [MixinExtras|Service/]: Initializing MixinExtras via com.llamalad7.mixinextras.service.MixinExtrasServiceImpl(version=0.4.1).
[31Oct2024 14:52:08.763] [modloading-worker-0/INFO] [net.neoforged.neoforge.common.NeoForgeMod/NEOFORGE-MOD]: NeoForge mod loading, version 21.1.61, for MC 1.21.1
[31Oct2024 14:52:09.122] [modloading-worker-0/INFO] [mezz.jei.library.load.PluginCaller/]: Sending ConfigManager...
[31Oct2024 14:52:09.131] [modloading-worker-0/INFO] [mezz.jei.library.load.PluginCaller/]: Sending ConfigManager took 5.994 ms
[31Oct2024 14:52:11.031] [main/WARN] [net.minecraft.server.packs.VanillaPackResourcesBuilder/]: Assets URL 'union:/Users/arthur/git/mods_delight/Ars-Delight-1.21/.gradle/repositories/ng_dummy_ng/net/neoforged/neoforge/21.1.61/neoforge-21.1.61.jar%23182!/assets/.mcassetsroot' uses unexpected schema
[31Oct2024 14:52:11.032] [main/WARN] [net.minecraft.server.packs.VanillaPackResourcesBuilder/]: Assets URL 'union:/Users/arthur/git/mods_delight/Ars-Delight-1.21/.gradle/repositories/ng_dummy_ng/net/neoforged/neoforge/21.1.61/neoforge-21.1.61.jar%23182!/data/.mcassetsroot' uses unexpected schema
[31Oct2024 14:52:11.240] [main/INFO] [net.minecraft.data.DataGenerator/]: Starting provider: Registrate Provider for arsdelight [Registries, Data Maps, Recipes, Advancements, Loot Tables, Tags (blocks), Tags (items), Tags (fluids), Tags (entity_types), generic_server_provider, Blockstates, Item models, Lang (en_us/en_ud), generic_client_provider, Tags (mob_effect), Tags (attribute), Tags (enchantment)]
[31Oct2024 14:52:11.854] [main/INFO] [net.minecraft.data.DataGenerator/]: Registrate Provider for arsdelight [Registries, Data Maps, Recipes, Advancements, Loot Tables, Tags (blocks), Tags (items), Tags (fluids), Tags (entity_types), generic_server_provider, Blockstates, Item models, Lang (en_us/en_ud), generic_client_provider, Tags (mob_effect), Tags (attribute), Tags (enchantment)] finished after 613 ms
[31Oct2024 14:52:11.854] [main/INFO] [net.minecraft.data.DataGenerator/]: Starting provider: Ars Delight Config
[31Oct2024 14:52:11.857] [main/INFO] [net.minecraft.data.DataGenerator/]: Ars Delight Config finished after 2 ms
[31Oct2024 14:52:11.857] [main/INFO] [net.minecraft.data.DataGenerator/]: Starting provider: Global Loot Modifiers : arsdelight
[31Oct2024 14:52:11.893] [main/INFO] [net.minecraft.data.DataGenerator/]: Global Loot Modifiers : arsdelight finished after 35 ms
[31Oct2024 14:52:11.894] [main/INFO] [net.minecraft.data.DataGenerator/]: All providers took: 653 ms
[31Oct2024 14:52:11.935] [main/INFO] [net.minecraft.data.HashCache/]: Caching: total files: 272, old count: 4, new count: 179, removed stale: 94, written: 178
